Arguments: 
  /usr/local/bin/node /home/kipkoech/.yarn/bin/yarn.js add express mongoose dotenv cors jasonwebtoken

PATH: 
  /home/kipkoech/.yarn/bin:/home/kipkoech/.config/yarn/global/node_modules/.bin:/home/kipkoech/.yarn/bin:/home/kipkoech/.config/yarn/global/node_modules/.bin:/usr/local/sbin:/usr/local/bin:/usr/sbin:/usr/bin:/sbin:/bin:/usr/games:/usr/local/games:/snap/bin:/snap/bin

Yarn version: 
  1.22.19

Node version: 
  19.7.0

Platform: 
  linux x64

Trace: 
  Error: https://registry.yarnpkg.com/jasonwebtoken: Not found
      at params.callback [as _callback] (/home/kipkoech/.yarn/lib/cli.js:66145:18)
      at self.callback (/home/kipkoech/.yarn/lib/cli.js:140890:22)
      at Request.emit (node:events:512:28)
      at Request.<anonymous> (/home/kipkoech/.yarn/lib/cli.js:141862:10)
      at Request.emit (node:events:512:28)
      at IncomingMessage.<anonymous> (/home/kipkoech/.yarn/lib/cli.js:141784:12)
      at Object.onceWrapper (node:events:626:28)
      at IncomingMessage.emit (node:events:524:35)
      at endReadableNT (node:internal/streams/readable:1359:12)
      at process.processTicksAndRejections (node:internal/process/task_queues:82:21)

npm manifest: 
  {
    "name": "backend-apis",
    "version": "1.0.0",
    "main": "index.js",
    "repository": "https://github.com/towgig/backend-apis.git",
    "author": "<nickey968@gmail.com>",
    "license": "MIT"
  }

yarn manifest: 
  No manifest

Lockfile: 
  No lockfile
